Build started 6/4/2015 3:12:43 PM.
     1>Project "C:\Users\Dutzi\Documents\Visual Studio 2013\Projects\TravelAgencyGUI\TravelAgencyGUI\TravelAgencyGUI.vcxproj" on node 2 (Build target(s)).
     1>C:\Program Files (x86)\MSBuild\Microsoft.Cpp\v4.0\V120\Microsoft.CppBuild.targets(935,5): warning MSB8027: Two or more files with the name of moc_mainWin.cpp will produce outputs to the same location. This can lead to an incorrect build result.  The files involved are GeneratedFiles\Debug\moc_mainWin.cpp, GeneratedFiles\Release\moc_mainWin.cpp.
     1>C:\Program Files (x86)\MSBuild\Microsoft.Cpp\v4.0\V120\Microsoft.CppBuild.targets(935,5): warning MSB8027: Two or more files with the name of moc_update.cpp will produce outputs to the same location. This can lead to an incorrect build result.  The files involved are GeneratedFiles\Debug\moc_update.cpp, GeneratedFiles\Release\moc_update.cpp.
     1>ClCompile:
         C:\Program Files (x86)\Microsoft Visual Studio 12.0\VC\bin\CL.exe /c /IC:\Qt\5.4\msvc2013\include /I.\GeneratedFiles /I. /IC:\Qt\5.4\msvc2013\include /I.\GeneratedFiles\Debug /IC:\Qt\5.4\msvc2013\include\QtCore /IC:\Qt\5.4\msvc2013\include\QtGui /IC:\Qt\5.4\msvc2013\include\QtWidgets /Zi /nologo /W1 /WX- /Od /Oy- /D UNICODE /D WIN32 /D WIN64 /D QT_DLL /D QT_CORE_LIB /D QT_GUI_LIB /D QT_WIDGETS_LIB /Gm- /EHsc /MDd /GS /fp:precise /Zc:wchar_t /Zc:forScope /Fo"Debug\\" /Fd"Debug\vc120.pdb" /Gd /TP /analyze- /errorReport:prompt GeneratedFiles\Debug\moc_mainWin.cpp main.cpp mainWin.cpp
         moc_mainWin.cpp
         main.cpp
         mainWin.cpp
         Generating Code...
       Link:
         C:\Program Files (x86)\Microsoft Visual Studio 12.0\VC\bin\link.exe /ERRORREPORT:PROMPT /OUT:"C:\Users\Dutzi\Documents\Visual Studio 2013\Projects\TravelAgencyGUI\Win32\Debug\\TravelAgencyGUI.exe" /NOLOGO /LIBPATH:C:\Qt\5.4\msvc2013\lib qtmaind.lib Qt5Cored.lib Qt5Guid.lib Qt5Widgetsd.lib kernel32.lib user32.lib gdi32.lib winspool.lib comdlg32.lib advapi32.lib shell32.lib ole32.lib oleaut32.lib uuid.lib odbc32.lib odbccp32.lib /MANIFEST /MANIFESTUAC:"level='asInvoker' uiAccess='false'" /manifest:embed /DEBUG /PDB:"C:\Users\Dutzi\Documents\Visual Studio 2013\Projects\TravelAgencyGUI\Win32\Debug\TravelAgencyGUI.pdb" /SUBSYSTEM:WINDOWS /TLBID:1 /DYNAMICBASE /NXCOMPAT /IMPLIB:"C:\Users\Dutzi\Documents\Visual Studio 2013\Projects\TravelAgencyGUI\Win32\Debug\TravelAgencyGUI.lib" /MACHINE:X86 /SAFESEH Debug\domain.obj
         Debug\OfferFileRepository.obj
         Debug\validator.obj
         Debug\moc_mainWin.obj
         Debug\moc_update.obj
         Debug\qrc_travelagencygui.obj
         Debug\main.obj
         Debug\mainWin.obj
         Debug\update.obj
         TravelAgencyGUI.vcxproj -> C:\Users\Dutzi\Documents\Visual Studio 2013\Projects\TravelAgencyGUI\Win32\Debug\TravelAgencyGUI.exe
     1>Done Building Project "C:\Users\Dutzi\Documents\Visual Studio 2013\Projects\TravelAgencyGUI\TravelAgencyGUI\TravelAgencyGUI.vcxproj" (Build target(s)).

Build succeeded.

Time Elapsed 00:00:09.88
